<?xml version="1.0" encoding="utf-8"?><testsuites name="pytest tests"><testsuite name="pytest" errors="0" failures="0" skipped="0" tests="14" time="6.558" timestamp="2026-02-27T17:27:25.844973+00:00" hostname="agent-env-9d674481-3a80-4d0e-8b24-f771ea85b97c"><testcase classname="backend.tests.test_iteration11_features.TestAuthentication" name="test_login_success" time="0.493" /><testcase classname="backend.tests.test_iteration11_features.TestAppointmentsAPI" name="test_get_appointments_today" time="0.481" /><testcase classname="backend.tests.test_iteration11_features.TestAppointmentsAPI" name="test_get_appointments_tomorrow" time="0.520" /><testcase classname="backend.tests.test_iteration11_features.TestAppointmentsAPI" name="test_update_appointment_date" time="0.731" /><testcase classname="backend.tests.test_iteration11_features.TestPromotionsAPI" name="test_get_promotions" time="0.477" /><testcase classname="backend.tests.test_iteration11_features.TestPromotionsAPI" name="test_check_promotions_for_client" time="0.750" /><testcase classname="backend.tests.test_iteration11_features.TestPrepaidCardsAPI" name="test_get_client_cards" time="0.664" /><testcase classname="backend.tests.test_iteration11_features.TestDashboardStatsAPI" name="test_get_dashboard_stats" time="0.467" /><testcase classname="backend.tests.test_iteration11_features.TestServicesAPI" name="test_get_services" time="0.457" /><testcase classname="backend.tests.test_iteration11_features.TestOperatorsAPI" name="test_get_operators" time="0.520" /><testcase classname="backend.tests.test_iteration11_features.TestPublicEndpoints" name="test_public_services" time="0.113" /><testcase classname="backend.tests.test_iteration11_features.TestPublicEndpoints" name="test_public_operators" time="0.121" /><testcase classname="backend.tests.test_iteration11_features.TestPublicEndpoints" name="test_public_promotions" time="0.111" /><testcase classname="backend.tests.test_iteration11_features.TestCheckoutFlow" name="test_checkout_endpoint_exists" time="0.582" /></testsuite></testsuites>