<?xml version="1.0" encoding="utf-8"?><testsuites name="pytest tests"><testsuite name="pytest" errors="0" failures="0" skipped="0" tests="20" time="3.827" timestamp="2026-03-02T15:33:38.740424+00:00" hostname="agent-env-9d674481-3a80-4d0e-8b24-f771ea85b97c"><testcase classname="backend.tests.test_iteration15_features.TestAuthFlow" name="test_login_success" time="0.425" /><testcase classname="backend.tests.test_iteration15_features.TestAuthFlow" name="test_login_invalid_credentials" time="0.112" /><testcase classname="backend.tests.test_iteration15_features.TestCardAlertsAPI" name="test_get_all_card_alerts" time="0.461" /><testcase classname="backend.tests.test_iteration15_features.TestCardAlertsAPI" name="test_get_card_alerts_with_params" time="0.127" /><testcase classname="backend.tests.test_iteration15_features.TestCardAlertsAPI" name="test_get_expiring_cards" time="0.116" /><testcase classname="backend.tests.test_iteration15_features.TestCardAlertsAPI" name="test_get_low_balance_cards" time="0.136" /><testcase classname="backend.tests.test_iteration15_features.TestPromotionsCheckAPI" name="test_get_promotions" time="0.160" /><testcase classname="backend.tests.test_iteration15_features.TestPromotionsCheckAPI" name="test_promotions_check_with_client" time="0.292" /><testcase classname="backend.tests.test_iteration15_features.TestPromotionsCheckAPI" name="test_public_promotions" time="0.119" /><testcase classname="backend.tests.test_iteration15_features.TestWebsiteUploadAPI" name="test_website_config" time="0.133" /><testcase classname="backend.tests.test_iteration15_features.TestWebsiteUploadAPI" name="test_public_website" time="0.193" /><testcase classname="backend.tests.test_iteration15_features.TestCardsAPI" name="test_get_cards" time="0.180" /><testcase classname="backend.tests.test_iteration15_features.TestPlanningFeatures" name="test_get_appointments" time="0.116" /><testcase classname="backend.tests.test_iteration15_features.TestPlanningFeatures" name="test_get_operators" time="0.139" /><testcase classname="backend.tests.test_iteration15_features.TestPlanningFeatures" name="test_get_clients" time="0.128" /><testcase classname="backend.tests.test_iteration15_features.TestPlanningFeatures" name="test_get_services" time="0.138" /><testcase classname="backend.tests.test_iteration15_features.TestPublicEndpoints" name="test_public_services" time="0.113" /><testcase classname="backend.tests.test_iteration15_features.TestPublicEndpoints" name="test_public_operators" time="0.110" /><testcase classname="backend.tests.test_iteration15_features.TestCardPromoSelectionFeature" name="test_client_cards_endpoint" time="0.245" /><testcase classname="backend.tests.test_iteration15_features.TestCardPromoSelectionFeature" name="test_client_promotions_check" time="0.294" /></testsuite></testsuites>