<?xml version="1.0" encoding="utf-8"?><testsuites name="pytest tests"><testsuite name="pytest" errors="0" failures="0" skipped="0" tests="18" time="3.486" timestamp="2026-02-26T07:44:14.328799+00:00" hostname="agent-env-9d674481-3a80-4d0e-8b24-f771ea85b97c"><testcase classname="tests.test_mbhs_features.TestAuthentication" name="test_login_success" time="0.467" /><testcase classname="tests.test_mbhs_features.TestAuthentication" name="test_login_invalid_credentials" time="0.114" /><testcase classname="tests.test_mbhs_features.TestOperators" name="test_get_operators" time="0.432" /><testcase classname="tests.test_mbhs_features.TestOperators" name="test_mbhs_operator_exists" time="0.105" /><testcase classname="tests.test_mbhs_features.TestServices" name="test_get_services" time="0.099" /><testcase classname="tests.test_mbhs_features.TestServices" name="test_modellanti_services_exist" time="0.105" /><testcase classname="tests.test_mbhs_features.TestAppointments" name="test_create_appointment_with_client_id" time="0.324" /><testcase classname="tests.test_mbhs_features.TestAppointments" name="test_create_appointment_with_client_name_new_client" time="0.102" /><testcase classname="tests.test_mbhs_features.TestAppointments" name="test_create_appointment_with_generic_client" time="0.108" /><testcase classname="tests.test_mbhs_features.TestClientCardsAndLoyalty" name="test_get_client_cards" time="0.116" /><testcase classname="tests.test_mbhs_features.TestClientCardsAndLoyalty" name="test_get_client_loyalty" time="0.096" /><testcase classname="tests.test_mbhs_features.TestRecurringAppointments" name="test_create_recurring_weekly" time="0.214" /><testcase classname="tests.test_mbhs_features.TestRecurringAppointments" name="test_create_recurring_monthly" time="0.342" /><testcase classname="tests.test_mbhs_features.TestCheckout" name="test_checkout_with_cash" time="0.209" /><testcase classname="tests.test_mbhs_features.TestCheckout" name="test_checkout_with_prepaid_no_card" time="0.214" /><testcase classname="tests.test_mbhs_features.TestPrepaidCards" name="test_get_cards" time="0.101" /><testcase classname="tests.test_mbhs_features.TestPrepaidCards" name="test_create_prepaid_card" time="0.149" /><testcase classname="tests.test_mbhs_features.TestPaymentsReport" name="test_get_payments" time="0.119" /></testsuite></testsuites>