<?xml version="1.0" encoding="utf-8"?><testsuites name="pytest tests"><testsuite name="pytest" errors="0" failures="0" skipped="0" tests="22" time="5.211" timestamp="2026-02-24T15:29:39.328724+00:00" hostname="agent-env-9d674481-3a80-4d0e-8b24-f771ea85b97c"><testcase classname="backend.tests.test_loyalty_api.TestLoyaltyAPI" name="test_01_get_loyalty_config" time="0.596" /><testcase classname="backend.tests.test_loyalty_api.TestLoyaltyAPI" name="test_02_get_all_loyalty" time="0.133" /><testcase classname="backend.tests.test_loyalty_api.TestLoyaltyAPI" name="test_03_create_test_client" time="0.127" /><testcase classname="backend.tests.test_loyalty_api.TestLoyaltyAPI" name="test_04_get_client_loyalty" time="0.147" /><testcase classname="backend.tests.test_loyalty_api.TestLoyaltyAPI" name="test_05_add_manual_points" time="0.393" /><testcase classname="backend.tests.test_loyalty_api.TestLoyaltyAPI" name="test_06_add_more_points" time="0.280" /><testcase classname="backend.tests.test_loyalty_api.TestLoyaltyAPI" name="test_07_redeem_reward" time="0.139" /><testcase classname="backend.tests.test_loyalty_api.TestLoyaltyAPI" name="test_08_verify_active_reward" time="0.123" /><testcase classname="backend.tests.test_loyalty_api.TestLoyaltyAPI" name="test_09_use_reward" time="0.264" /><testcase classname="backend.tests.test_loyalty_api.TestLoyaltyAPI" name="test_10_redeem_insufficient_points" time="0.154" /><testcase classname="backend.tests.test_loyalty_api.TestLoyaltyAPI" name="test_11_invalid_reward_type" time="0.126" /><testcase classname="backend.tests.test_loyalty_api.TestLoyaltyAPI" name="test_12_use_already_used_reward" time="0.120" /><testcase classname="backend.tests.test_loyalty_api.TestLoyaltyAPI" name="test_13_nonexistent_client_loyalty" time="0.165" /><testcase classname="backend.tests.test_loyalty_api.TestLoyaltyAPI" name="test_14_client_history_includes_loyalty" time="0.184" /><testcase classname="backend.tests.test_loyalty_api.TestLoyaltyAPI" name="test_15_cleanup_test_client" time="0.144" /><testcase classname="backend.tests.test_loyalty_api.TestCheckoutLoyaltyPoints" name="test_01_create_client_for_checkout" time="0.616" /><testcase classname="backend.tests.test_loyalty_api.TestCheckoutLoyaltyPoints" name="test_02_get_services" time="0.147" /><testcase classname="backend.tests.test_loyalty_api.TestCheckoutLoyaltyPoints" name="test_03_create_appointment" time="0.119" /><testcase classname="backend.tests.test_loyalty_api.TestCheckoutLoyaltyPoints" name="test_04_verify_initial_loyalty_points" time="0.397" /><testcase classname="backend.tests.test_loyalty_api.TestCheckoutLoyaltyPoints" name="test_05_checkout_appointment" time="0.153" /><testcase classname="backend.tests.test_loyalty_api.TestCheckoutLoyaltyPoints" name="test_06_verify_loyalty_points_updated" time="0.139" /><testcase classname="backend.tests.test_loyalty_api.TestCheckoutLoyaltyPoints" name="test_07_cleanup" time="0.490" /></testsuite></testsuites>