<?xml version="1.0" encoding="utf-8"?><testsuites name="pytest tests"><testsuite name="pytest" errors="0" failures="0" skipped="0" tests="26" time="6.710" timestamp="2026-02-25T18:20:16.840952+00:00" hostname="agent-env-9d674481-3a80-4d0e-8b24-f771ea85b97c"><testcase classname="backend.tests.test_website_cms.TestPublicEndpoints" name="test_public_website_endpoint_returns_200" time="0.273" /><testcase classname="backend.tests.test_website_cms.TestPublicEndpoints" name="test_public_website_config_has_default_fields" time="0.216" /><testcase classname="backend.tests.test_website_cms.TestPublicEndpoints" name="test_public_operators_endpoint" time="0.131" /><testcase classname="backend.tests.test_website_cms.TestPublicEndpoints" name="test_public_services_endpoint" time="0.121" /><testcase classname="backend.tests.test_website_cms.TestWebsiteConfigCRUD" name="test_get_website_config_authenticated" time="0.556" /><testcase classname="backend.tests.test_website_cms.TestWebsiteConfigCRUD" name="test_get_website_config_without_auth_fails" time="0.146" /><testcase classname="backend.tests.test_website_cms.TestWebsiteConfigCRUD" name="test_update_website_config" time="0.550" /><testcase classname="backend.tests.test_website_cms.TestWebsiteConfigCRUD" name="test_update_service_categories" time="0.640" /><testcase classname="backend.tests.test_website_cms.TestWebsiteReviewsCRUD" name="test_get_reviews_authenticated" time="0.362" /><testcase classname="backend.tests.test_website_cms.TestWebsiteReviewsCRUD" name="test_create_review" time="0.172" /><testcase classname="backend.tests.test_website_cms.TestWebsiteReviewsCRUD" name="test_review_appears_in_list" time="0.152" /><testcase classname="backend.tests.test_website_cms.TestWebsiteReviewsCRUD" name="test_update_review" time="0.274" /><testcase classname="backend.tests.test_website_cms.TestWebsiteReviewsCRUD" name="test_delete_review" time="0.335" /><testcase classname="backend.tests.test_website_cms.TestWebsiteGalleryCRUD" name="test_get_gallery_authenticated" time="0.174" /><testcase classname="backend.tests.test_website_cms.TestWebsiteGalleryCRUD" name="test_create_gallery_item" time="0.156" /><testcase classname="backend.tests.test_website_cms.TestWebsiteGalleryCRUD" name="test_create_salon_photo" time="0.284" /><testcase classname="backend.tests.test_website_cms.TestWebsiteGalleryCRUD" name="test_update_gallery_item" time="0.152" /><testcase classname="backend.tests.test_website_cms.TestWebsiteGalleryCRUD" name="test_delete_gallery_item" time="0.315" /><testcase classname="backend.tests.test_website_cms.TestWebsiteUpload" name="test_upload_requires_auth" time="0.145" /><testcase classname="backend.tests.test_website_cms.TestWebsiteUpload" name="test_upload_rejects_invalid_format" time="0.106" /><testcase classname="backend.tests.test_website_cms.TestWebsiteUpload" name="test_upload_accepts_valid_image" time="0.393" /><testcase classname="backend.tests.test_website_cms.TestExistingPagesStillWork" name="test_login_endpoint_works" time="0.416" /><testcase classname="backend.tests.test_website_cms.TestExistingPagesStillWork" name="test_dashboard_endpoint_works" time="0.174" /><testcase classname="backend.tests.test_website_cms.TestExistingPagesStillWork" name="test_services_endpoint_works" time="0.164" /><testcase classname="backend.tests.test_website_cms.TestExistingPagesStillWork" name="test_clients_endpoint_works" time="0.115" /><testcase classname="backend.tests.test_website_cms.TestExistingPagesStillWork" name="test_operators_endpoint_works" time="0.106" /></testsuite></testsuites>