<?xml version="1.0" encoding="utf-8"?><testsuites name="pytest tests"><testsuite name="pytest" errors="0" failures="0" skipped="0" tests="16" time="6.996" timestamp="2026-03-03T07:41:27.975201+00:00" hostname="agent-env-9d674481-3a80-4d0e-8b24-f771ea85b97c"><testcase classname="backend.tests.test_iteration18_mbhs_features.TestLogin" name="test_login_success" time="0.375" /><testcase classname="backend.tests.test_iteration18_mbhs_features.TestLogin" name="test_login_invalid_credentials" time="0.096" /><testcase classname="backend.tests.test_iteration18_mbhs_features.TestOperators" name="test_get_operators" time="0.472" /><testcase classname="backend.tests.test_iteration18_mbhs_features.TestOperators" name="test_public_operators" time="0.110" /><testcase classname="backend.tests.test_iteration18_mbhs_features.TestAppointmentsAutoAssign" name="test_create_appointment_without_operator_auto_assigns" time="0.815" /><testcase classname="backend.tests.test_iteration18_mbhs_features.TestExpenses" name="test_get_expenses_returns_due_date" time="0.421" /><testcase classname="backend.tests.test_iteration18_mbhs_features.TestExpenses" name="test_create_expense_with_due_date" time="0.622" /><testcase classname="backend.tests.test_iteration18_mbhs_features.TestExpenses" name="test_get_upcoming_expenses" time="0.427" /><testcase classname="backend.tests.test_iteration18_mbhs_features.TestExpenses" name="test_get_unpaid_expenses" time="0.429" /><testcase classname="backend.tests.test_iteration18_mbhs_features.TestPromotions" name="test_get_public_promotions" time="0.099" /><testcase classname="backend.tests.test_iteration18_mbhs_features.TestPromotions" name="test_get_promotions_authenticated" time="0.454" /><testcase classname="backend.tests.test_iteration18_mbhs_features.TestPromotions" name="test_check_client_promotions" time="0.558" /><testcase classname="backend.tests.test_iteration18_mbhs_features.TestCardAlerts" name="test_get_card_alerts" time="0.444" /><testcase classname="backend.tests.test_iteration18_mbhs_features.TestPublicServices" name="test_get_public_services" time="0.118" /><testcase classname="backend.tests.test_iteration18_mbhs_features.TestAppointments" name="test_get_appointments_for_date" time="0.427" /><testcase classname="backend.tests.test_iteration18_mbhs_features.TestAppointments" name="test_get_upcoming_appointments" time="1.037" /></testsuite></testsuites>