<?xml version="1.0" encoding="utf-8"?><testsuites name="pytest tests"><testsuite name="pytest" errors="0" failures="0" skipped="0" tests="15" time="4.715" timestamp="2026-02-26T16:43:40.110921+00:00" hostname="agent-env-9d674481-3a80-4d0e-8b24-f771ea85b97c"><testcase classname="backend.tests.test_promotions_api.TestGetPromotions" name="test_get_promotions_returns_list" time="0.687" /><testcase classname="backend.tests.test_promotions_api.TestGetPromotions" name="test_promotions_have_required_fields" time="0.177" /><testcase classname="backend.tests.test_promotions_api.TestGetPromotions" name="test_returns_8_promotions" time="0.151" /><testcase classname="backend.tests.test_promotions_api.TestCreatePromotion" name="test_create_promotion_success" time="0.115" /><testcase classname="backend.tests.test_promotions_api.TestCreatePromotion" name="test_create_promotion_generates_code_if_missing" time="0.163" /><testcase classname="backend.tests.test_promotions_api.TestUpdatePromotion" name="test_update_promotion_name" time="0.473" /><testcase classname="backend.tests.test_promotions_api.TestUpdatePromotion" name="test_toggle_active_status" time="0.466" /><testcase classname="backend.tests.test_promotions_api.TestDeletePromotion" name="test_delete_promotion" time="0.478" /><testcase classname="backend.tests.test_promotions_api.TestCheckClientPromotions" name="test_check_client_promotions" time="0.279" /><testcase classname="backend.tests.test_promotions_api.TestUsePromotion" name="test_use_promotion" time="0.547" /><testcase classname="backend.tests.test_promotions_api.TestPublicPromotionsEndpoint" name="test_public_promotions_no_auth" time="0.113" /><testcase classname="backend.tests.test_promotions_api.TestPublicPromotionsEndpoint" name="test_public_promotions_returns_active_only" time="0.134" /><testcase classname="backend.tests.test_promotions_api.TestPublicPromotionsEndpoint" name="test_public_promotions_returns_8_promos" time="0.171" /><testcase classname="backend.tests.test_promotions_api.TestDefaultPromotions" name="test_expected_promo_codes_exist" time="0.161" /><testcase classname="backend.tests.test_promotions_api.TestDefaultPromotions" name="test_promo_rule_types" time="0.521" /></testsuite></testsuites>