<?xml version="1.0" encoding="utf-8"?><testsuites name="pytest tests"><testsuite name="pytest" errors="0" failures="0" skipped="0" tests="23" time="6.097" timestamp="2026-02-26T15:33:50.881307+00:00" hostname="agent-env-9d674481-3a80-4d0e-8b24-f771ea85b97c"><testcase classname="backend.tests.test_expenses_features.TestExpensesCRUD" name="test_create_expense_basic" time="0.574" /><testcase classname="backend.tests.test_expenses_features.TestExpensesCRUD" name="test_create_recurring_expense" time="0.065" /><testcase classname="backend.tests.test_expenses_features.TestExpensesCRUD" name="test_get_expenses_all" time="0.069" /><testcase classname="backend.tests.test_expenses_features.TestExpensesCRUD" name="test_get_expenses_unpaid" time="0.067" /><testcase classname="backend.tests.test_expenses_features.TestExpensesCRUD" name="test_get_expenses_paid" time="0.074" /><testcase classname="backend.tests.test_expenses_features.TestExpensesCRUD" name="test_update_expense" time="0.223" /><testcase classname="backend.tests.test_expenses_features.TestExpensesCRUD" name="test_delete_expense" time="0.221" /><testcase classname="backend.tests.test_expenses_features.TestExpensePayUnpay" name="test_mark_expense_as_paid" time="0.223" /><testcase classname="backend.tests.test_expenses_features.TestExpensePayUnpay" name="test_mark_expense_as_unpaid" time="0.248" /><testcase classname="backend.tests.test_expenses_features.TestExpensePayUnpay" name="test_recurring_expense_creates_next" time="0.174" /><testcase classname="backend.tests.test_expenses_features.TestUpcomingExpenses" name="test_get_upcoming_expenses" time="0.067" /><testcase classname="backend.tests.test_expenses_features.TestUpcomingExpenses" name="test_upcoming_expenses_with_overdue_flag" time="0.117" /><testcase classname="backend.tests.test_expenses_features.TestExpenseCategories" name="test_all_category_types" time="0.526" /><testcase classname="backend.tests.test_expenses_features.TestExpenseErrorHandling" name="test_update_nonexistent_expense" time="0.092" /><testcase classname="backend.tests.test_expenses_features.TestExpenseErrorHandling" name="test_delete_nonexistent_expense" time="0.062" /><testcase classname="backend.tests.test_expenses_features.TestExpenseErrorHandling" name="test_pay_nonexistent_expense" time="1.390" /><testcase classname="backend.tests.test_auto_reminders_batch.TestAutoReminderCheck" name="test_auto_check_returns_valid_response" time="0.627" /><testcase classname="backend.tests.test_auto_reminders_batch.TestAutoReminderCheck" name="test_auto_check_pending_structure" time="0.092" /><testcase classname="backend.tests.test_auto_reminders_batch.TestBatchMarkSent" name="test_batch_mark_sent_empty_list_returns_error" time="0.287" /><testcase classname="backend.tests.test_auto_reminders_batch.TestBatchMarkSent" name="test_batch_mark_sent_nonexistent_ids" time="0.217" /><testcase classname="backend.tests.test_auto_reminders_batch.TestBatchMarkSent" name="test_batch_mark_sent_with_real_appointment" time="0.218" /><testcase classname="backend.tests.test_auto_reminders_batch.TestRemindersIntegration" name="test_auto_check_and_tomorrow_reminders_consistency" time="0.286" /><testcase classname="backend.tests.test_auto_reminders_batch.TestExpensesUpcomingWithOverdue" name="test_upcoming_expenses_overdue_flag" time="0.108" /></testsuite></testsuites>