<?xml version="1.0" encoding="utf-8"?><testsuites name="pytest tests"><testsuite name="pytest" errors="0" failures="4" skipped="0" tests="7" time="1.452" timestamp="2026-02-26T15:27:32.202549+00:00" hostname="agent-env-9d674481-3a80-4d0e-8b24-f771ea85b97c"><testcase classname="backend.tests.test_auto_reminders_batch.TestAutoReminderCheck" name="test_auto_check_returns_valid_response" time="0.565"><failure message="AssertionError: assert 'total' in {'already_sent': 0, 'is_reminder_time': True, 'pending': [], 'tomorrow_date': '2026-02-27', ...}">backend/tests/test_auto_reminders_batch.py:51: in test_auto_check_returns_valid_response
    assert "total" in data
E   AssertionError: assert 'total' in {'already_sent': 0, 'is_reminder_time': True, 'pending': [], 'tomorrow_date': '2026-02-27', ...}</failure></testcase><testcase classname="backend.tests.test_auto_reminders_batch.TestAutoReminderCheck" name="test_auto_check_pending_structure" time="0.083" /><testcase classname="backend.tests.test_auto_reminders_batch.TestBatchMarkSent" name="test_batch_mark_sent_empty_list" time="0.095"><failure message="assert 400 == 200&#10; +  where 400 = &lt;Response [400]&gt;.status_code">backend/tests/test_auto_reminders_batch.py:94: in test_batch_mark_sent_empty_list
    assert response.status_code == 200
E   assert 400 == 200
E    +  where 400 = &lt;Response [400]&gt;.status_code</failure></testcase><testcase classname="backend.tests.test_auto_reminders_batch.TestBatchMarkSent" name="test_batch_mark_sent_nonexistent_ids" time="0.061"><failure message="KeyError: 'marked'">backend/tests/test_auto_reminders_batch.py:111: in test_batch_mark_sent_nonexistent_ids
    assert data["marked"] &gt;= 0  # Should be 0 since IDs don't exist
           ^^^^^^^^^^^^^^
E   KeyError: 'marked'</failure></testcase><testcase classname="backend.tests.test_auto_reminders_batch.TestBatchMarkSent" name="test_batch_mark_sent_with_real_appointment" time="0.153" /><testcase classname="backend.tests.test_auto_reminders_batch.TestRemindersIntegration" name="test_auto_check_and_tomorrow_reminders_consistency" time="0.272"><failure message="KeyError: 'total'">backend/tests/test_auto_reminders_batch.py:166: in test_auto_check_and_tomorrow_reminders_consistency
    assert auto_data["total"] == len(tomorrow_data), \
           ^^^^^^^^^^^^^^^^^^
E   KeyError: 'total'</failure></testcase><testcase classname="backend.tests.test_auto_reminders_batch.TestExpensesUpcomingWithOverdue" name="test_upcoming_expenses_overdue_flag" time="0.134" /></testsuite></testsuites>